++ virtualenv tN
New python executable in tN/bin/python
Installing setuptools............done.
Installing pip...............done.
++ . tN/bin/activate
+++ deactivate nondestructive
+++ unset pydoc
+++ '[' -n /usr/lib64/qt-3.3/bin:/usr/lib64/ccache:/usr/local/bin:/usr/bin:/bin:/usr/local/sbin:/usr/sbin:/home/markmc/bin:/home/markmc/scripts ']'
+++ PATH=/usr/lib64/qt-3.3/bin:/usr/lib64/ccache:/usr/local/bin:/usr/bin:/bin:/usr/local/sbin:/usr/sbin:/home/markmc/bin:/home/markmc/scripts
+++ export PATH
+++ unset _OLD_VIRTUAL_PATH
+++ '[' -n '' ']'
+++ '[' -n /bin/bash -o -n '' ']'
+++ hash -r
+++ '[' -n '' ']'
+++ unset VIRTUAL_ENV
+++ '[' '!' nondestructive = nondestructive ']'
+++ VIRTUAL_ENV=/home/markmc/trash/pip-debug/tN
+++ export VIRTUAL_ENV
+++ _OLD_VIRTUAL_PATH=/usr/lib64/qt-3.3/bin:/usr/lib64/ccache:/usr/local/bin:/usr/bin:/bin:/usr/local/sbin:/usr/sbin:/home/markmc/bin:/home/markmc/scripts
+++ PATH=/home/markmc/trash/pip-debug/tN/bin:/usr/lib64/qt-3.3/bin:/usr/lib64/ccache:/usr/local/bin:/usr/bin:/bin:/usr/local/sbin:/usr/sbin:/home/markmc/bin:/home/markmc/scripts
+++ export PATH
+++ '[' -n '' ']'
+++ '[' -z '' ']'
+++ _OLD_VIRTUAL_PS1='(t1)'
+++ '[' x '!=' x ']'
++++ basename /home/markmc/trash/pip-debug/tN
+++ '[' tN = __ ']'
++++ basename /home/markmc/trash/pip-debug/tN
+++ PS1='(tN)(t1)'
+++ export PS1
+++ alias 'pydoc=python -m pydoc'
+++ '[' -n /bin/bash -o -n '' ']'
+++ hash -r
++ pip -vvv install --upgrade pip
Getting page http://pypi.openstack.org/pip
Could not fetch URL http://pypi.openstack.org/pip: HTTP Error 404: Not Found
Will skip URL http://pypi.openstack.org/pip when looking for download links for pip in ./tN/lib/python2.7/site-packages/pip-1.2.1-py2.7.egg
Getting page http://pypi.openstack.org/
URLs to search for versions for pip in ./tN/lib/python2.7/site-packages/pip-1.2.1-py2.7.egg:
* http://pypi.openstack.org/pip/
* http://pypi.python.org/simple/pip/
Getting page http://pypi.openstack.org/pip/
Getting page http://pypi.python.org/simple/pip/
Could not fetch URL http://pypi.openstack.org/pip/: HTTP Error 404: Not Found
Will skip URL http://pypi.openstack.org/pip/ when looking for download links for pip in ./tN/lib/python2.7/site-packages/pip-1.2.1-py2.7.egg
Analyzing links from page http://pypi.python.org/simple/pip/
  Found link http://pypi.python.org/packages/source/p/pip/pip-0.6.tar.gz#md5=083ff408ca5314cf0561ff79a048cd9a (from http://pypi.python.org/simple/pip/), version: 0.6
  Found link http://pypi.python.org/packages/source/p/pip/pip-0.6.3.tar.gz#md5=0602fa9179cfaa98e41565d4a581d98c (from http://pypi.python.org/simple/pip/), version: 0.6.3
  Found link http://pypi.python.org/packages/source/p/pip/pip-0.7.1.tar.gz#md5=420c83ad67bdcb542f772eb64392cce6 (from http://pypi.python.org/simple/pip/), version: 0.7.1
  Found link http://pypi.python.org/packages/source/p/pip/pip-0.8.tar.gz#md5=468d9adc309f33ad51cee38f0d455429 (from http://pypi.python.org/simple/pip/), version: 0.8
  Found link http://pypi.python.org/packages/source/p/pip/pip-0.3.1.tar.gz#md5=78102ddbb040a183dd361b5d432cdf88 (from http://pypi.python.org/simple/pip/), version: 0.3.1
  Found link http://pypi.python.org/packages/source/p/pip/pip-0.8.2.tar.gz#md5=df1eca0abe7643d92b5222240bed15f6 (from http://pypi.python.org/simple/pip/), version: 0.8.2
  Found link http://pypi.python.org/packages/source/p/pip/pip-0.5.1.tar.gz#md5=d4bdaa5f5f5bf8c6263ace75a0882232 (from http://pypi.python.org/simple/pip/), version: 0.5.1
  Found link http://pypi.python.org/packages/source/p/pip/pip-0.6.1.tar.gz#md5=7560e3055c66afb99ac4a7892389a237 (from http://pypi.python.org/simple/pip/), version: 0.6.1
  Found link http://pypi.python.org/packages/source/p/pip/pip-0.5.tar.gz#md5=63eed8673e40628534cc0aa9c98e8f3d (from http://pypi.python.org/simple/pip/), version: 0.5
  Found link http://pypi.python.org/packages/source/p/pip/pip-0.7.tar.gz#md5=8d4b4f7266fe0808569182e6832d74ac (from http://pypi.python.org/simple/pip/), version: 0.7
  Found link http://pypi.python.org/packages/source/p/pip/pip-0.8.1.tar.gz#md5=5d40614774781b118dd3f10c0d038cbc (from http://pypi.python.org/simple/pip/), version: 0.8.1
  Found link http://pypi.python.org/packages/source/p/pip/pip-0.2.tar.gz#md5=9eda07c8be7105aa774c7eb51c023294 (from http://pypi.python.org/simple/pip/), version: 0.2
  Found link http://pypi.python.org/packages/source/p/pip/pip-0.8.3.tar.gz#md5=0603337a81f83df2b1d2f1151565efac (from http://pypi.python.org/simple/pip/), version: 0.8.3
  Found link http://pypi.python.org/packages/source/p/pip/pip-1.0.1.tar.gz#md5=28dcc70225e5bf925532abc5b087a94b (from http://pypi.python.org/simple/pip/), version: 1.0.1
  Found link http://pypi.python.org/packages/source/p/pip/pip-0.2.1.tar.gz#md5=d2af655c1a87e03799442d045c1d6743 (from http://pypi.python.org/simple/pip/), version: 0.2.1
  Found link http://pypi.python.org/packages/source/p/pip/pip-1.2.tar.gz#md5=99e44d1d7f88b182459e7c19c45aee9f (from http://pypi.python.org/simple/pip/), version: 1.2
  Found link http://pypi.python.org/packages/source/p/pip/pip-0.6.2.tar.gz#md5=9a43e0a2ce8833069f41c347932bdb25 (from http://pypi.python.org/simple/pip/), version: 0.6.2
  Found link http://pypi.python.org/packages/source/p/pip/pip-0.4.tar.gz#md5=b45714d04f8fd38fe8e3d4c7600b91a2 (from http://pypi.python.org/simple/pip/), version: 0.4
  Found link http://pypi.python.org/packages/source/p/pip/pip-0.3.tar.gz#md5=8fccb5b49c6377cbfb1949ccd7be43b3 (from http://pypi.python.org/simple/pip/), version: 0.3
  Found link http://pypi.python.org/packages/source/p/pip/pip-1.1.tar.gz#md5=62a9f08dd5dc69d76734568a6c040508 (from http://pypi.python.org/simple/pip/), version: 1.1
  Found link http://pypi.python.org/packages/source/p/pip/pip-1.0.2.tar.gz#md5=47ec6ff3f6d962696fe08d4c8264ad49 (from http://pypi.python.org/simple/pip/), version: 1.0.2
  Found link http://pypi.python.org/packages/source/p/pip/pip-1.0.tar.gz#md5=327fc4a03df189506966e15021730550 (from http://pypi.python.org/simple/pip/), version: 1.0
  Found link http://pypi.python.org/packages/source/p/pip/pip-1.2.1.tar.gz#md5=db8a6d8a4564d3dc7f337ebed67b1a85 (from http://pypi.python.org/simple/pip/), version: 1.2.1
  Found link http://pypi.python.org/packages/source/p/pip/pip-1.3.tar.gz#md5=918559b784e2aca9559d498050bb86e7 (from http://pypi.python.org/simple/pip/), version: 1.3
  Found link http://pypi.python.org/packages/source/p/pip/pip-1.3.1.tar.gz#md5=cbb27a191cebc58997c4da8513863153 (from http://pypi.python.org/simple/pip/), version: 1.3.1
  Found link http://pypi.python.org/packages/source/p/pip/pip-0.7.2.tar.gz#md5=cfe73090aaa0d3b0c104179a627859d1 (from http://pypi.python.org/simple/pip/), version: 0.7.2
  Found link https://github.com/pypa/pip/tarball/develop#egg=pip-dev (from http://pypi.python.org/simple/pip/), version: dev
Using version 1.3.1 (newest of versions: 1.3.1, 1.3, 1.2.1, 1.2.1, 1.2, 1.1, 1.0.2, 1.0.1, 1.0, 0.8.3, 0.8.2, 0.8.1, 0.8, 0.7.2, 0.7.1, 0.7, 0.6.3, 0.6.2, 0.6.1, 0.6, 0.5.1, 0.5, 0.4, 0.3.1, 0.3, 0.2.1, 0.2, dev)
Downloading/unpacking pip from http://pypi.python.org/packages/source/p/pip/pip-1.3.1.tar.gz#md5=cbb27a191cebc58997c4da8513863153
  Using download cache from /home/markmc/.pip/cache/http%3A%2F%2Fpypi.python.org%2Fpackages%2Fsource%2Fp%2Fpip%2Fpip-1.3.1.tar.gz
  Running setup.py egg_info for package pip
    Running command python setup.py egg_info
    running egg_info
    creating pip-egg-info/pip.egg-info
    writing requirements to pip-egg-info/pip.egg-info/requires.txt
    writing pip-egg-info/pip.egg-info/PKG-INFO
    writing top-level names to pip-egg-info/pip.egg-info/top_level.txt
    writing dependency_links to pip-egg-info/pip.egg-info/dependency_links.txt
    writing entry points to pip-egg-info/pip.egg-info/entry_points.txt
    writing manifest file 'pip-egg-info/pip.egg-info/SOURCES.txt'
    warning: manifest_maker: standard file '-c' not found
    
    reading manifest file 'pip-egg-info/pip.egg-info/SOURCES.txt'
    reading manifest template 'MANIFEST.in'
    warning: no files found matching '*.html' under directory 'docs'
    warning: no previously-included files matching '*.txt' found under directory 'docs/_build'
    no previously-included directories found matching 'docs/_build/_sources'
    writing manifest file 'pip-egg-info/pip.egg-info/SOURCES.txt'
  Source in ./tN/build/pip has version 1.3.1, which satisfies requirement pip from http://pypi.python.org/packages/source/p/pip/pip-1.3.1.tar.gz#md5=cbb27a191cebc58997c4da8513863153
  skipping extra testing
  skipping extra testing
  skipping extra testing
  skipping extra testing
Installing collected packages: pip
  Found existing installation: pip 1.2.1
    Uninstalling pip:
      Removing file or directory /home/markmc/trash/pip-debug/tN/bin/pip
      Removing file or directory /home/markmc/trash/pip-debug/tN/bin/pip-2.7
      Removing file or directory /home/markmc/trash/pip-debug/tN/lib/python2.7/site-packages/pip-1.2.1-py2.7.egg
      Removing pth entries from /home/markmc/trash/pip-debug/tN/lib/python2.7/site-packages/easy-install.pth:
      Removing entry: ./pip-1.2.1-py2.7.egg
      Successfully uninstalled pip
  Running setup.py install for pip
    Running command /home/markmc/trash/pip-debug/tN/bin/python -c "import setuptools;__file__='/home/markmc/trash/pip-debug/tN/build/pip/setup.py';exec(compile(open(__file__).read().replace('\r\n', '\n'), __file__, 'exec'))" install --record /tmp/pip-ZagC9A-record/install-record.txt --single-version-externally-managed --install-headers /home/markmc/trash/pip-debug/tN/include/site/python2.7
    running install
    running build
    running build_py
    creating build
    creating build/lib
    creating build/lib/pip
    copying pip/exceptions.py -> build/lib/pip
    copying pip/index.py -> build/lib/pip
    copying pip/basecommand.py -> build/lib/pip
    copying pip/status_codes.py -> build/lib/pip
    copying pip/log.py -> build/lib/pip
    copying pip/runner.py -> build/lib/pip
    copying pip/locations.py -> build/lib/pip
    copying pip/req.py -> build/lib/pip
    copying pip/__main__.py -> build/lib/pip
    copying pip/baseparser.py -> build/lib/pip
    copying pip/util.py -> build/lib/pip
    copying pip/__init__.py -> build/lib/pip
    copying pip/cmdoptions.py -> build/lib/pip
    copying pip/download.py -> build/lib/pip
    creating build/lib/pip/commands
    copying pip/commands/bundle.py -> build/lib/pip/commands
    copying pip/commands/help.py -> build/lib/pip/commands
    copying pip/commands/unzip.py -> build/lib/pip/commands
    copying pip/commands/list.py -> build/lib/pip/commands
    copying pip/commands/zip.py -> build/lib/pip/commands
    copying pip/commands/__init__.py -> build/lib/pip/commands
    copying pip/commands/search.py -> build/lib/pip/commands
    copying pip/commands/freeze.py -> build/lib/pip/commands
    copying pip/commands/install.py -> build/lib/pip/commands
    copying pip/commands/completion.py -> build/lib/pip/commands
    copying pip/commands/show.py -> build/lib/pip/commands
    copying pip/commands/uninstall.py -> build/lib/pip/commands
    creating build/lib/pip/vcs
    copying pip/vcs/bazaar.py -> build/lib/pip/vcs
    copying pip/vcs/__init__.py -> build/lib/pip/vcs
    copying pip/vcs/subversion.py -> build/lib/pip/vcs
    copying pip/vcs/mercurial.py -> build/lib/pip/vcs
    copying pip/vcs/git.py -> build/lib/pip/vcs
    creating build/lib/pip/backwardcompat
    copying pip/backwardcompat/socket_create_connection.py -> build/lib/pip/backwardcompat
    copying pip/backwardcompat/ssl_match_hostname.py -> build/lib/pip/backwardcompat
    copying pip/backwardcompat/__init__.py -> build/lib/pip/backwardcompat
    copying pip/cacert.pem -> build/lib/pip
    running install_lib
    creating /home/markmc/trash/pip-debug/tN/lib/python2.7/site-packages/pip
    copying build/lib/pip/exceptions.py -> /home/markmc/trash/pip-debug/tN/lib/python2.7/site-packages/pip
    copying build/lib/pip/index.py -> /home/markmc/trash/pip-debug/tN/lib/python2.7/site-packages/pip
    copying build/lib/pip/basecommand.py -> /home/markmc/trash/pip-debug/tN/lib/python2.7/site-packages/pip
    creating /home/markmc/trash/pip-debug/tN/lib/python2.7/site-packages/pip/commands
    copying build/lib/pip/commands/bundle.py -> /home/markmc/trash/pip-debug/tN/lib/python2.7/site-packages/pip/commands
    copying build/lib/pip/commands/help.py -> /home/markmc/trash/pip-debug/tN/lib/python2.7/site-packages/pip/commands
    copying build/lib/pip/commands/unzip.py -> /home/markmc/trash/pip-debug/tN/lib/python2.7/site-packages/pip/commands
    copying build/lib/pip/commands/list.py -> /home/markmc/trash/pip-debug/tN/lib/python2.7/site-packages/pip/commands
    copying build/lib/pip/commands/zip.py -> /home/markmc/trash/pip-debug/tN/lib/python2.7/site-packages/pip/commands
    copying build/lib/pip/commands/__init__.py -> /home/markmc/trash/pip-debug/tN/lib/python2.7/site-packages/pip/commands
    copying build/lib/pip/commands/search.py -> /home/markmc/trash/pip-debug/tN/lib/python2.7/site-packages/pip/commands
    copying build/lib/pip/commands/freeze.py -> /home/markmc/trash/pip-debug/tN/lib/python2.7/site-packages/pip/commands
    copying build/lib/pip/commands/install.py -> /home/markmc/trash/pip-debug/tN/lib/python2.7/site-packages/pip/commands
    copying build/lib/pip/commands/completion.py -> /home/markmc/trash/pip-debug/tN/lib/python2.7/site-packages/pip/commands
    copying build/lib/pip/commands/show.py -> /home/markmc/trash/pip-debug/tN/lib/python2.7/site-packages/pip/commands
    copying build/lib/pip/commands/uninstall.py -> /home/markmc/trash/pip-debug/tN/lib/python2.7/site-packages/pip/commands
    copying build/lib/pip/status_codes.py -> /home/markmc/trash/pip-debug/tN/lib/python2.7/site-packages/pip
    copying build/lib/pip/log.py -> /home/markmc/trash/pip-debug/tN/lib/python2.7/site-packages/pip
    copying build/lib/pip/runner.py -> /home/markmc/trash/pip-debug/tN/lib/python2.7/site-packages/pip
    copying build/lib/pip/locations.py -> /home/markmc/trash/pip-debug/tN/lib/python2.7/site-packages/pip
    copying build/lib/pip/cacert.pem -> /home/markmc/trash/pip-debug/tN/lib/python2.7/site-packages/pip
    copying build/lib/pip/req.py -> /home/markmc/trash/pip-debug/tN/lib/python2.7/site-packages/pip
    copying build/lib/pip/__main__.py -> /home/markmc/trash/pip-debug/tN/lib/python2.7/site-packages/pip
    copying build/lib/pip/baseparser.py -> /home/markmc/trash/pip-debug/tN/lib/python2.7/site-packages/pip
    copying build/lib/pip/util.py -> /home/markmc/trash/pip-debug/tN/lib/python2.7/site-packages/pip
    creating /home/markmc/trash/pip-debug/tN/lib/python2.7/site-packages/pip/backwardcompat
    copying build/lib/pip/backwardcompat/socket_create_connection.py -> /home/markmc/trash/pip-debug/tN/lib/python2.7/site-packages/pip/backwardcompat
    copying build/lib/pip/backwardcompat/ssl_match_hostname.py -> /home/markmc/trash/pip-debug/tN/lib/python2.7/site-packages/pip/backwardcompat
    copying build/lib/pip/backwardcompat/__init__.py -> /home/markmc/trash/pip-debug/tN/lib/python2.7/site-packages/pip/backwardcompat
    copying build/lib/pip/__init__.py -> /home/markmc/trash/pip-debug/tN/lib/python2.7/site-packages/pip
    copying build/lib/pip/cmdoptions.py -> /home/markmc/trash/pip-debug/tN/lib/python2.7/site-packages/pip
    creating /home/markmc/trash/pip-debug/tN/lib/python2.7/site-packages/pip/vcs
    copying build/lib/pip/vcs/bazaar.py -> /home/markmc/trash/pip-debug/tN/lib/python2.7/site-packages/pip/vcs
    copying build/lib/pip/vcs/__init__.py -> /home/markmc/trash/pip-debug/tN/lib/python2.7/site-packages/pip/vcs
    copying build/lib/pip/vcs/subversion.py -> /home/markmc/trash/pip-debug/tN/lib/python2.7/site-packages/pip/vcs
    copying build/lib/pip/vcs/mercurial.py -> /home/markmc/trash/pip-debug/tN/lib/python2.7/site-packages/pip/vcs
    copying build/lib/pip/vcs/git.py -> /home/markmc/trash/pip-debug/tN/lib/python2.7/site-packages/pip/vcs
    copying build/lib/pip/download.py -> /home/markmc/trash/pip-debug/tN/lib/python2.7/site-packages/pip
    byte-compiling /home/markmc/trash/pip-debug/tN/lib/python2.7/site-packages/pip/exceptions.py to exceptions.pyc
    byte-compiling /home/markmc/trash/pip-debug/tN/lib/python2.7/site-packages/pip/index.py to index.pyc
    byte-compiling /home/markmc/trash/pip-debug/tN/lib/python2.7/site-packages/pip/basecommand.py to basecommand.pyc
    byte-compiling /home/markmc/trash/pip-debug/tN/lib/python2.7/site-packages/pip/commands/bundle.py to bundle.pyc
    byte-compiling /home/markmc/trash/pip-debug/tN/lib/python2.7/site-packages/pip/commands/help.py to help.pyc
    byte-compiling /home/markmc/trash/pip-debug/tN/lib/python2.7/site-packages/pip/commands/unzip.py to unzip.pyc
    byte-compiling /home/markmc/trash/pip-debug/tN/lib/python2.7/site-packages/pip/commands/list.py to list.pyc
    byte-compiling /home/markmc/trash/pip-debug/tN/lib/python2.7/site-packages/pip/commands/zip.py to zip.pyc
    byte-compiling /home/markmc/trash/pip-debug/tN/lib/python2.7/site-packages/pip/commands/__init__.py to __init__.pyc
    byte-compiling /home/markmc/trash/pip-debug/tN/lib/python2.7/site-packages/pip/commands/search.py to search.pyc
    byte-compiling /home/markmc/trash/pip-debug/tN/lib/python2.7/site-packages/pip/commands/freeze.py to freeze.pyc
    byte-compiling /home/markmc/trash/pip-debug/tN/lib/python2.7/site-packages/pip/commands/install.py to install.pyc
    byte-compiling /home/markmc/trash/pip-debug/tN/lib/python2.7/site-packages/pip/commands/completion.py to completion.pyc
    byte-compiling /home/markmc/trash/pip-debug/tN/lib/python2.7/site-packages/pip/commands/show.py to show.pyc
    byte-compiling /home/markmc/trash/pip-debug/tN/lib/python2.7/site-packages/pip/commands/uninstall.py to uninstall.pyc
    byte-compiling /home/markmc/trash/pip-debug/tN/lib/python2.7/site-packages/pip/status_codes.py to status_codes.pyc
    byte-compiling /home/markmc/trash/pip-debug/tN/lib/python2.7/site-packages/pip/log.py to log.pyc
    byte-compiling /home/markmc/trash/pip-debug/tN/lib/python2.7/site-packages/pip/runner.py to runner.pyc
    byte-compiling /home/markmc/trash/pip-debug/tN/lib/python2.7/site-packages/pip/locations.py to locations.pyc
    byte-compiling /home/markmc/trash/pip-debug/tN/lib/python2.7/site-packages/pip/req.py to req.pyc
    byte-compiling /home/markmc/trash/pip-debug/tN/lib/python2.7/site-packages/pip/__main__.py to __main__.pyc
    byte-compiling /home/markmc/trash/pip-debug/tN/lib/python2.7/site-packages/pip/baseparser.py to baseparser.pyc
    byte-compiling /home/markmc/trash/pip-debug/tN/lib/python2.7/site-packages/pip/util.py to util.pyc
    byte-compiling /home/markmc/trash/pip-debug/tN/lib/python2.7/site-packages/pip/backwardcompat/socket_create_connection.py to socket_create_connection.pyc
    byte-compiling /home/markmc/trash/pip-debug/tN/lib/python2.7/site-packages/pip/backwardcompat/ssl_match_hostname.py to ssl_match_hostname.pyc
    byte-compiling /home/markmc/trash/pip-debug/tN/lib/python2.7/site-packages/pip/backwardcompat/__init__.py to __init__.pyc
    byte-compiling /home/markmc/trash/pip-debug/tN/lib/python2.7/site-packages/pip/__init__.py to __init__.pyc
    byte-compiling /home/markmc/trash/pip-debug/tN/lib/python2.7/site-packages/pip/cmdoptions.py to cmdoptions.pyc
    byte-compiling /home/markmc/trash/pip-debug/tN/lib/python2.7/site-packages/pip/vcs/bazaar.py to bazaar.pyc
    byte-compiling /home/markmc/trash/pip-debug/tN/lib/python2.7/site-packages/pip/vcs/__init__.py to __init__.pyc
    byte-compiling /home/markmc/trash/pip-debug/tN/lib/python2.7/site-packages/pip/vcs/subversion.py to subversion.pyc
    byte-compiling /home/markmc/trash/pip-debug/tN/lib/python2.7/site-packages/pip/vcs/mercurial.py to mercurial.pyc
    byte-compiling /home/markmc/trash/pip-debug/tN/lib/python2.7/site-packages/pip/vcs/git.py to git.pyc
    byte-compiling /home/markmc/trash/pip-debug/tN/lib/python2.7/site-packages/pip/download.py to download.pyc
    running install_egg_info
    running egg_info
    writing requirements to pip.egg-info/requires.txt
    writing pip.egg-info/PKG-INFO
    writing top-level names to pip.egg-info/top_level.txt
    writing dependency_links to pip.egg-info/dependency_links.txt
    writing entry points to pip.egg-info/entry_points.txt
    warning: manifest_maker: standard file '-c' not found
    
    reading manifest file 'pip.egg-info/SOURCES.txt'
    reading manifest template 'MANIFEST.in'
    warning: no files found matching '*.html' under directory 'docs'
    warning: no previously-included files matching '*.txt' found under directory 'docs/_build'
    no previously-included directories found matching 'docs/_build/_sources'
    writing manifest file 'pip.egg-info/SOURCES.txt'
    Copying pip.egg-info to /home/markmc/trash/pip-debug/tN/lib/python2.7/site-packages/pip-1.3.1-py2.7.egg-info
    running install_scripts
    Installing pip script to /home/markmc/trash/pip-debug/tN/bin
    Installing pip-2.7 script to /home/markmc/trash/pip-debug/tN/bin
    writing list of installed files to '/tmp/pip-ZagC9A-record/install-record.txt'
Successfully installed pip
Cleaning up...
  Removing temporary dir /home/markmc/trash/pip-debug/tN/build...
+ pip -vvv install http://tarballs.openstack.org/oslo.config/oslo.config-master.tar.gz#egg=oslo.config
Downloading/unpacking oslo.config from http://tarballs.openstack.org/oslo.config/oslo.config-master.tar.gz
  Using download cache from /home/markmc/.pip/cache/http%3A%2F%2Ftarballs.openstack.org%2Foslo.config%2Foslo.config-master.tar.gz
  Running setup.py egg_info for package oslo.config
    Running command python setup.py egg_info
    
    Installed /tmp/easy_install-AVeUx4/pbr-0.5.17/d2to1-0.2.10-py2.7.egg
    warning: no previously-included files found matching '.gitignore'
    warning: no previously-included files found matching '.gitreview'
    warning: no previously-included files matching '*.pyc' found anywhere in distribution
    zip_safe flag not set; analyzing archive contents...
    
    Installed /home/markmc/trash/pip-debug/tN/build/oslo.config/pbr-0.5.17-py2.7.egg
    Searching for d2to1
    Reading http://pypi.python.org/simple/d2to1/
    Best match: d2to1 0.2.10
    Downloading http://pypi.python.org/packages/source/d/d2to1/d2to1-0.2.10.tar.gz#md5=be97f5330bae3206e1555b58dae23848
    Processing d2to1-0.2.10.tar.gz
    Running d2to1-0.2.10/setup.py -q bdist_egg --dist-dir /tmp/easy_install-ko3TAx/d2to1-0.2.10/egg-dist-tmp-pe_MGQ
    
    Installed /home/markmc/trash/pip-debug/tN/build/oslo.config/d2to1-0.2.10-py2.7.egg
    Searching for setuptools-git>=0.4
    Reading http://pypi.python.org/simple/setuptools_git/
    Best match: setuptools-git 1.0b1
    Downloading http://pypi.python.org/packages/source/s/setuptools-git/setuptools-git-1.0b1.tar.gz#md5=ac67cbaa1336b7de25b1b5ff93b4e90d
    Processing setuptools-git-1.0b1.tar.gz
    Running setuptools-git-1.0b1/setup.py -q bdist_egg --dist-dir /tmp/easy_install-gTCaKK/setuptools-git-1.0b1/egg-dist-tmp-UJdN5N
    /usr/lib64/python2.7/distutils/dist.py:267: UserWarning: Unknown distribution option: 'mainainer'
      warnings.warn(msg)
    /usr/lib64/python2.7/distutils/dist.py:267: UserWarning: Unknown distribution option: 'mainainer_email'
      warnings.warn(msg)
    
    Installed /home/markmc/trash/pip-debug/tN/build/oslo.config/setuptools_git-1.0b1-py2.7.egg
    running egg_info
    creating pip-egg-info/oslo.config.egg-info
    writing requirements to pip-egg-info/oslo.config.egg-info/requires.txt
    writing pip-egg-info/oslo.config.egg-info/PKG-INFO
    writing namespace_packages to pip-egg-info/oslo.config.egg-info/namespace_packages.txt
    writing top-level names to pip-egg-info/oslo.config.egg-info/top_level.txt
    writing dependency_links to pip-egg-info/oslo.config.egg-info/dependency_links.txt
    writing manifest file 'pip-egg-info/oslo.config.egg-info/SOURCES.txt'
    [d2to1] running patched manifest_maker command with extra_files support
    warning: manifest_maker: standard file '-c' not found
    
    reading manifest file 'pip-egg-info/oslo.config.egg-info/SOURCES.txt'
    reading manifest template 'MANIFEST.in'
    warning: no files found matching '*' under directory 'tools'
    warning: no previously-included files found matching '.gitignore'
    warning: no previously-included files found matching '.gitreview'
    warning: no previously-included files matching '*.pyc' found anywhere in distribution
    writing manifest file 'pip-egg-info/oslo.config.egg-info/SOURCES.txt'
  Source in ./tN/build/oslo.config has version 1.2.0.a34.g08203f6, which satisfies requirement oslo.config from http://tarballs.openstack.org/oslo.config/oslo.config-master.tar.gz
Downloading/unpacking six (from oslo.config)
  Getting page http://pypi.openstack.org/six/
  Could not fetch URL http://pypi.openstack.org/six/: HTTP Error 404: Not Found
  Will skip URL http://pypi.openstack.org/six/ when looking for download links for six (from oslo.config)
  Getting page http://pypi.openstack.org/
  URLs to search for versions for six (from oslo.config):
  * http://pypi.openstack.org/six/
  * http://pypi.python.org/simple/six/
  Getting page http://pypi.openstack.org/six/
  Getting page http://pypi.python.org/simple/six/
  Could not fetch URL http://pypi.openstack.org/six/: HTTP Error 404: Not Found
  Will skip URL http://pypi.openstack.org/six/ when looking for download links for six (from oslo.config)
  Analyzing links from page http://pypi.python.org/simple/six/
    Found link http://pypi.python.org/packages/source/s/six/six-0.9.1.tar.gz#md5=1b249e0011355722f569406135a8ac93 (from http://pypi.python.org/simple/six/), version: 0.9.1
    Found link http://pypi.python.org/packages/source/s/six/six-0.9.2.tar.gz#md5=92ea7c870396dd9222029a188c6bbd7f (from http://pypi.python.org/simple/six/), version: 0.9.2
    Found link http://pypi.python.org/packages/source/s/six/six-1.0b1.tar.gz#md5=cbfcc64af1f27162a6a6b5510e262c9d (from http://pypi.python.org/simple/six/), version: 1.0b1
    Found link http://pypi.python.org/packages/source/s/six/six-0.9.0.tar.gz#md5=5ce2947347101b9f54674c19ef88233d (from http://pypi.python.org/simple/six/), version: 0.9.0
    Found link http://pypi.python.org/packages/source/s/six/six-1.0.0.tar.gz#md5=37c7ff036fdff2b1bb8d55e49ccb3b44 (from http://pypi.python.org/simple/six/), version: 1.0.0
    Found link http://pypi.python.org/packages/source/s/six/six-1.1.0.tar.gz#md5=9e8099b57cd27493a6988e9c9b313e23 (from http://pypi.python.org/simple/six/), version: 1.1.0
    Found link http://pypi.python.org/packages/source/s/six/six-1.2.0.tar.gz#md5=2a5d1afc79912832ac78fd38e3d75d7e (from http://pypi.python.org/simple/six/), version: 1.2.0
    Found link http://pypi.python.org/packages/source/s/six/six-1.3.0.tar.gz#md5=ec47fe6070a8a64c802363d2c2b1e2ee (from http://pypi.python.org/simple/six/), version: 1.3.0
    Skipping link http://packages.python.org/six/ (from http://pypi.python.org/simple/six/); not a file
    Skipping link http://bitbucket.org/gutworth/six (from http://pypi.python.org/simple/six/); not a file
    Skipping link http://bugs.launchpad.net/python-six (from http://pypi.python.org/simple/six/); not a file
    Skipping link http://code.launchpad.net/python-six (from http://pypi.python.org/simple/six/); not a file
    Skipping link http://mail.python.org/mailman/listinfo/python-porting (from http://pypi.python.org/simple/six/); not a file
  Using version 1.3.0 (newest of versions: 1.3.0, 1.2.0, 1.1.0, 1.0.0, 1.0b1, 0.9.2, 0.9.1, 0.9.0)
  Using download cache from /home/markmc/.pip/cache/http%3A%2F%2Fpypi.python.org%2Fpackages%2Fsource%2Fs%2Fsix%2Fsix-1.3.0.tar.gz
  Running setup.py egg_info for package six
    Running command python setup.py egg_info
    running egg_info
    creating pip-egg-info/six.egg-info
    writing pip-egg-info/six.egg-info/PKG-INFO
    writing top-level names to pip-egg-info/six.egg-info/top_level.txt
    writing dependency_links to pip-egg-info/six.egg-info/dependency_links.txt
    writing manifest file 'pip-egg-info/six.egg-info/SOURCES.txt'
    warning: manifest_maker: standard file '-c' not found
    
    reading manifest file 'pip-egg-info/six.egg-info/SOURCES.txt'
    writing manifest file 'pip-egg-info/six.egg-info/SOURCES.txt'
  Source in ./tN/build/six has version 1.3.0, which satisfies requirement six (from oslo.config)
Installing collected packages: oslo.config, six
  Running setup.py install for oslo.config
    Running command /home/markmc/trash/pip-debug/tN/bin/python -c "import setuptools;__file__='/home/markmc/trash/pip-debug/tN/build/oslo.config/setup.py';exec(compile(open(__file__).read().replace('\r\n', '\n'), __file__, 'exec'))" install --record /tmp/pip-5WEkGp-record/install-record.txt --single-version-externally-managed --install-headers /home/markmc/trash/pip-debug/tN/include/site/python2.7
    running install
    running build
    running build_py
    creating build
    creating build/lib
    creating build/lib/oslo
    copying oslo/__init__.py -> build/lib/oslo
    creating build/lib/oslo/config
    copying oslo/config/iniparser.py -> build/lib/oslo/config
    copying oslo/config/cfg.py -> build/lib/oslo/config
    copying oslo/config/__init__.py -> build/lib/oslo/config
    running egg_info
    writing requirements to oslo.config.egg-info/requires.txt
    writing oslo.config.egg-info/PKG-INFO
    writing namespace_packages to oslo.config.egg-info/namespace_packages.txt
    writing top-level names to oslo.config.egg-info/top_level.txt
    writing dependency_links to oslo.config.egg-info/dependency_links.txt
    warning: manifest_maker: standard file '-c' not found
    
    reading manifest file 'oslo.config.egg-info/SOURCES.txt'
    reading manifest template 'MANIFEST.in'
    warning: no files found matching '*' under directory 'tools'
    warning: no previously-included files found matching '.gitignore'
    warning: no previously-included files found matching '.gitreview'
    warning: no previously-included files matching '*.pyc' found anywhere in distribution
    writing manifest file 'oslo.config.egg-info/SOURCES.txt'
    running install_lib
    Skipping installation of /home/markmc/trash/pip-debug/tN/lib/python2.7/site-packages/oslo/__init__.py (namespace package)
    copying oslo/config/iniparser.py -> /home/markmc/trash/pip-debug/tN/lib/python2.7/site-packages/oslo/config
    copying oslo/config/cfg.py -> /home/markmc/trash/pip-debug/tN/lib/python2.7/site-packages/oslo/config
    copying oslo/config/__init__.py -> /home/markmc/trash/pip-debug/tN/lib/python2.7/site-packages/oslo/config
    byte-compiling /home/markmc/trash/pip-debug/tN/lib/python2.7/site-packages/oslo/config/iniparser.py to iniparser.pyc
    byte-compiling /home/markmc/trash/pip-debug/tN/lib/python2.7/site-packages/oslo/config/cfg.py to cfg.pyc
    byte-compiling /home/markmc/trash/pip-debug/tN/lib/python2.7/site-packages/oslo/config/__init__.py to __init__.pyc
    running install_egg_info
    Copying oslo.config.egg-info to /home/markmc/trash/pip-debug/tN/lib/python2.7/site-packages/oslo.config-1.2.0.a34.g08203f6-py2.7.egg-info
    Installing /home/markmc/trash/pip-debug/tN/lib/python2.7/site-packages/oslo.config-1.2.0.a34.g08203f6-py2.7-nspkg.pth
    running install_scripts
    writing list of installed files to '/tmp/pip-5WEkGp-record/install-record.txt'
  Running setup.py install for six
    Running command /home/markmc/trash/pip-debug/tN/bin/python -c "import setuptools;__file__='/home/markmc/trash/pip-debug/tN/build/six/setup.py';exec(compile(open(__file__).read().replace('\r\n', '\n'), __file__, 'exec'))" install --record /tmp/pip-67bECm-record/install-record.txt --single-version-externally-managed --install-headers /home/markmc/trash/pip-debug/tN/include/site/python2.7
    running install
    running build
    running build_py
    creating build
    creating build/lib
    copying six.py -> build/lib
    running install_lib
    copying build/lib/six.py -> /home/markmc/trash/pip-debug/tN/lib/python2.7/site-packages
    byte-compiling /home/markmc/trash/pip-debug/tN/lib/python2.7/site-packages/six.py to six.pyc
    running install_egg_info
    running egg_info
    creating six.egg-info
    writing six.egg-info/PKG-INFO
    writing top-level names to six.egg-info/top_level.txt
    writing dependency_links to six.egg-info/dependency_links.txt
    writing manifest file 'six.egg-info/SOURCES.txt'
    warning: manifest_maker: standard file '-c' not found
    
    reading manifest file 'six.egg-info/SOURCES.txt'
    writing manifest file 'six.egg-info/SOURCES.txt'
    Copying six.egg-info to /home/markmc/trash/pip-debug/tN/lib/python2.7/site-packages/six-1.3.0-py2.7.egg-info
    running install_scripts
    writing list of installed files to '/tmp/pip-67bECm-record/install-record.txt'
Successfully installed oslo.config six
Cleaning up...
  Removing temporary dir /home/markmc/trash/pip-debug/tN/build...
+ . tN/bin/activate
++ deactivate nondestructive
++ unset pydoc
++ '[' -n '' ']'
++ '[' -n '' ']'
++ '[' -n /bin/bash -o -n '' ']'
++ hash -r
++ '[' -n '' ']'
++ unset VIRTUAL_ENV
++ '[' '!' nondestructive = nondestructive ']'
++ VIRTUAL_ENV=/home/markmc/trash/pip-debug/tN
++ export VIRTUAL_ENV
++ _OLD_VIRTUAL_PATH=/home/markmc/trash/pip-debug/tN/bin:/usr/lib64/qt-3.3/bin:/usr/lib64/ccache:/usr/local/bin:/usr/bin:/bin:/usr/local/sbin:/usr/sbin:/home/markmc/bin:/home/markmc/scripts
++ PATH=/home/markmc/trash/pip-debug/tN/bin:/home/markmc/trash/pip-debug/tN/bin:/usr/lib64/qt-3.3/bin:/usr/lib64/ccache:/usr/local/bin:/usr/bin:/bin:/usr/local/sbin:/usr/sbin:/home/markmc/bin:/home/markmc/scripts
++ export PATH
++ '[' -n '' ']'
++ '[' -z '' ']'
++ _OLD_VIRTUAL_PS1=
++ '[' x '!=' x ']'
+++ basename /home/markmc/trash/pip-debug/tN
++ '[' tN = __ ']'
+++ basename /home/markmc/trash/pip-debug/tN
++ PS1='(tN)'
++ export PS1
++ alias 'pydoc=python -m pydoc'
++ '[' -n /bin/bash -o -n '' ']'
++ hash -r
+ pip freeze
+ grep oslo.config
oslo.config==1.2.0.a34.g08203f6
+ python -c 'from oslo.config.cfg import DeprecatedOpt'
